{"/Users/albek/Documents/React Projects/react-remix-akakce-project/app/components/documents/common/ProductName.jsx": {"path":"/Users/albek/Documents/React Projects/react-remix-akakce-project/app/components/documents/common/ProductName.jsx","statementMap":{"0":{"start":{"line":3,"column":20},"end":{"line":9,"column":1}},"1":{"start":{"line":4,"column":2},"end":{"line":8,"column":4}}},"fnMap":{"0":{"name":"(anonymous_0)","decl":{"start":{"line":3,"column":20},"end":{"line":3,"column":21}},"loc":{"start":{"line":3,"column":52},"end":{"line":9,"column":1}},"line":3}},"branchMap":{},"s":{"0":1,"1":1},"f":{"0":1},"b":{},"_coverageSchema":"1a1c01bbd47fc00a2c39e90264f33305004495a9","hash":"be957d83cc004663671156cb24c19382270d8e03"}
,"/Users/albek/Documents/React Projects/react-remix-akakce-project/app/components/documents/common/ProductPrice.jsx": {"path":"/Users/albek/Documents/React Projects/react-remix-akakce-project/app/components/documents/common/ProductPrice.jsx","statementMap":{"0":{"start":{"line":5,"column":21},"end":{"line":21,"column":1}},"1":{"start":{"line":6,"column":2},"end":{"line":20,"column":3}}},"fnMap":{"0":{"name":"(anonymous_0)","decl":{"start":{"line":5,"column":21},"end":{"line":5,"column":22}},"loc":{"start":{"line":5,"column":34},"end":{"line":21,"column":1}},"line":5}},"branchMap":{},"s":{"0":1,"1":1},"f":{"0":1},"b":{},"_coverageSchema":"1a1c01bbd47fc00a2c39e90264f33305004495a9","hash":"aec2b9e308079c4d75f6776c14db5af998d9238c"}
,"/Users/albek/Documents/React Projects/react-remix-akakce-project/app/components/documents/productDetailCard/Cargo.jsx": {"path":"/Users/albek/Documents/React Projects/react-remix-akakce-project/app/components/documents/productDetailCard/Cargo.jsx","statementMap":{"0":{"start":{"line":3,"column":14},"end":{"line":7,"column":1}},"1":{"start":{"line":4,"column":2},"end":{"line":6,"column":4}}},"fnMap":{"0":{"name":"(anonymous_0)","decl":{"start":{"line":3,"column":14},"end":{"line":3,"column":15}},"loc":{"start":{"line":3,"column":20},"end":{"line":7,"column":1}},"line":3}},"branchMap":{},"s":{"0":1,"1":1},"f":{"0":1},"b":{},"_coverageSchema":"1a1c01bbd47fc00a2c39e90264f33305004495a9","hash":"c4ce5934535924d1074de3f92138804ff8debd0e"}
,"/Users/albek/Documents/React Projects/react-remix-akakce-project/app/components/documents/productDetailCard/LastUpdate.jsx": {"path":"/Users/albek/Documents/React Projects/react-remix-akakce-project/app/components/documents/productDetailCard/LastUpdate.jsx","statementMap":{"0":{"start":{"line":3,"column":19},"end":{"line":9,"column":1}},"1":{"start":{"line":4,"column":2},"end":{"line":8,"column":4}}},"fnMap":{"0":{"name":"(anonymous_0)","decl":{"start":{"line":3,"column":19},"end":{"line":3,"column":20}},"loc":{"start":{"line":3,"column":39},"end":{"line":9,"column":1}},"line":3}},"branchMap":{},"s":{"0":1,"1":1},"f":{"0":1},"b":{},"_coverageSchema":"1a1c01bbd47fc00a2c39e90264f33305004495a9","hash":"d3ede05b7ae01c5bdc36a80c92844bb2747ce362"}
,"/Users/albek/Documents/React Projects/react-remix-akakce-project/app/components/documents/productDetailCard/ProductBrandName.jsx": {"path":"/Users/albek/Documents/React Projects/react-remix-akakce-project/app/components/documents/productDetailCard/ProductBrandName.jsx","statementMap":{"0":{"start":{"line":3,"column":25},"end":{"line":9,"column":1}},"1":{"start":{"line":4,"column":2},"end":{"line":8,"column":3}}},"fnMap":{"0":{"name":"(anonymous_0)","decl":{"start":{"line":3,"column":25},"end":{"line":3,"column":26}},"loc":{"start":{"line":3,"column":39},"end":{"line":9,"column":1}},"line":3}},"branchMap":{},"s":{"0":1,"1":1},"f":{"0":1},"b":{},"_coverageSchema":"1a1c01bbd47fc00a2c39e90264f33305004495a9","hash":"ca6370df65a7921f664547f78ff5be16f7b7c38d"}
,"/Users/albek/Documents/React Projects/react-remix-akakce-project/app/components/loadings/Loading.jsx": {"path":"/Users/albek/Documents/React Projects/react-remix-akakce-project/app/components/loadings/Loading.jsx","statementMap":{"0":{"start":{"line":4,"column":16},"end":{"line":14,"column":1}},"1":{"start":{"line":5,"column":2},"end":{"line":13,"column":4}}},"fnMap":{"0":{"name":"(anonymous_0)","decl":{"start":{"line":4,"column":16},"end":{"line":4,"column":17}},"loc":{"start":{"line":4,"column":22},"end":{"line":14,"column":1}},"line":4}},"branchMap":{},"s":{"0":1,"1":1},"f":{"0":1},"b":{},"_coverageSchema":"1a1c01bbd47fc00a2c39e90264f33305004495a9","hash":"fde88ba73b1b885ca934dabd3de6848d88598eae"}
,"/Users/albek/Documents/React Projects/react-remix-akakce-project/app/components/ui/Badge.jsx": {"path":"/Users/albek/Documents/React Projects/react-remix-akakce-project/app/components/ui/Badge.jsx","statementMap":{"0":{"start":{"line":3,"column":14},"end":{"line":11,"column":1}},"1":{"start":{"line":4,"column":2},"end":{"line":10,"column":4}}},"fnMap":{"0":{"name":"(anonymous_0)","decl":{"start":{"line":3,"column":14},"end":{"line":3,"column":15}},"loc":{"start":{"line":3,"column":32},"end":{"line":11,"column":1}},"line":3}},"branchMap":{},"s":{"0":1,"1":1},"f":{"0":1},"b":{},"_coverageSchema":"1a1c01bbd47fc00a2c39e90264f33305004495a9","hash":"23960391a2a563168932a3fef5a659f197c5ad37"}
,"/Users/albek/Documents/React Projects/react-remix-akakce-project/app/components/ui/Button.jsx": {"path":"/Users/albek/Documents/React Projects/react-remix-akakce-project/app/components/ui/Button.jsx","statementMap":{"0":{"start":{"line":3,"column":15},"end":{"line":13,"column":1}},"1":{"start":{"line":4,"column":2},"end":{"line":12,"column":4}}},"fnMap":{"0":{"name":"(anonymous_0)","decl":{"start":{"line":3,"column":15},"end":{"line":3,"column":16}},"loc":{"start":{"line":3,"column":64},"end":{"line":13,"column":1}},"line":3}},"branchMap":{},"s":{"0":1,"1":1},"f":{"0":1},"b":{},"_coverageSchema":"1a1c01bbd47fc00a2c39e90264f33305004495a9","hash":"ba482d3fb887f2c7bd6da3e7a056cb2528854035"}
,"/Users/albek/Documents/React Projects/react-remix-akakce-project/app/components/ui/Card.jsx": {"path":"/Users/albek/Documents/React Projects/react-remix-akakce-project/app/components/ui/Card.jsx","statementMap":{"0":{"start":{"line":3,"column":13},"end":{"line":11,"column":1}},"1":{"start":{"line":4,"column":2},"end":{"line":10,"column":4}}},"fnMap":{"0":{"name":"(anonymous_0)","decl":{"start":{"line":3,"column":13},"end":{"line":3,"column":14}},"loc":{"start":{"line":3,"column":77},"end":{"line":11,"column":1}},"line":3}},"branchMap":{"0":{"loc":{"start":{"line":3,"column":16},"end":{"line":3,"column":30}},"type":"default-arg","locations":[{"start":{"line":3,"column":26},"end":{"line":3,"column":30}}],"line":3},"1":{"loc":{"start":{"line":3,"column":32},"end":{"line":3,"column":49}},"type":"default-arg","locations":[{"start":{"line":3,"column":45},"end":{"line":3,"column":49}}],"line":3}},"s":{"0":1,"1":1},"f":{"0":1},"b":{"0":[1],"1":[1]},"_coverageSchema":"1a1c01bbd47fc00a2c39e90264f33305004495a9","hash":"88493d856105f880606566d73e1ff18803940105"}
,"/Users/albek/Documents/React Projects/react-remix-akakce-project/app/utils/helper.js": {"path":"/Users/albek/Documents/React Projects/react-remix-akakce-project/app/utils/helper.js","statementMap":{"0":{"start":{"line":1,"column":32},"end":{"line":14,"column":3}},"1":{"start":{"line":2,"column":4},"end":{"line":13,"column":5}},"2":{"start":{"line":3,"column":25},"end":{"line":3,"column":52}},"3":{"start":{"line":4,"column":28},"end":{"line":4,"column":41}},"4":{"start":{"line":5,"column":27},"end":{"line":5,"column":40}},"5":{"start":{"line":7,"column":6},"end":{"line":10,"column":8}},"6":{"start":{"line":12,"column":6},"end":{"line":12,"column":58}},"7":{"start":{"line":16,"column":39},"end":{"line":28,"column":3}},"8":{"start":{"line":17,"column":4},"end":{"line":27,"column":5}},"9":{"start":{"line":18,"column":6},"end":{"line":18,"column":22}},"10":{"start":{"line":19,"column":11},"end":{"line":27,"column":5}},"11":{"start":{"line":20,"column":6},"end":{"line":20,"column":22}},"12":{"start":{"line":21,"column":11},"end":{"line":27,"column":5}},"13":{"start":{"line":22,"column":6},"end":{"line":22,"column":22}},"14":{"start":{"line":23,"column":11},"end":{"line":27,"column":5}},"15":{"start":{"line":24,"column":6},"end":{"line":24,"column":20}},"16":{"start":{"line":26,"column":6},"end":{"line":26,"column":19}}},"fnMap":{"0":{"name":"(anonymous_0)","decl":{"start":{"line":1,"column":32},"end":{"line":1,"column":33}},"loc":{"start":{"line":1,"column":43},"end":{"line":14,"column":3}},"line":1},"1":{"name":"(anonymous_1)","decl":{"start":{"line":16,"column":39},"end":{"line":16,"column":40}},"loc":{"start":{"line":16,"column":50},"end":{"line":28,"column":3}},"line":16}},"branchMap":{"0":{"loc":{"start":{"line":2,"column":4},"end":{"line":13,"column":5}},"type":"if","locations":[{"start":{"line":2,"column":4},"end":{"line":13,"column":5}},{"start":{"line":11,"column":11},"end":{"line":13,"column":5}}],"line":2},"1":{"loc":{"start":{"line":17,"column":4},"end":{"line":27,"column":5}},"type":"if","locations":[{"start":{"line":17,"column":4},"end":{"line":27,"column":5}},{"start":{"line":19,"column":11},"end":{"line":27,"column":5}}],"line":17},"2":{"loc":{"start":{"line":19,"column":11},"end":{"line":27,"column":5}},"type":"if","locations":[{"start":{"line":19,"column":11},"end":{"line":27,"column":5}},{"start":{"line":21,"column":11},"end":{"line":27,"column":5}}],"line":19},"3":{"loc":{"start":{"line":21,"column":11},"end":{"line":27,"column":5}},"type":"if","locations":[{"start":{"line":21,"column":11},"end":{"line":27,"column":5}},{"start":{"line":23,"column":11},"end":{"line":27,"column":5}}],"line":21},"4":{"loc":{"start":{"line":23,"column":11},"end":{"line":27,"column":5}},"type":"if","locations":[{"start":{"line":23,"column":11},"end":{"line":27,"column":5}},{"start":{"line":25,"column":11},"end":{"line":27,"column":5}}],"line":23}},"s":{"0":1,"1":2,"2":2,"3":2,"4":2,"5":2,"6":0,"7":1,"8":0,"9":0,"10":0,"11":0,"12":0,"13":0,"14":0,"15":0,"16":0},"f":{"0":2,"1":0},"b":{"0":[2,0],"1":[0,0],"2":[0,0],"3":[0,0],"4":[0,0]},"_coverageSchema":"1a1c01bbd47fc00a2c39e90264f33305004495a9","hash":"da28f979b730ed95986b9779200e8572d7ee26dd"}
}
